<?xml version="1.0" encoding="UTF-8"?>
<testsuite xmlns:xsi="http://www.w3.org/2001/XMLSchema-instance" xsi:noNamespaceSchemaLocation="https://maven.apache.org/surefire/maven-surefire-plugin/xsd/surefire-test-report-3.0.xsd" version="3.0" name="springmvc.test.CalculatorTest" time="0.047" tests="5" errors="0" skipped="0" failures="0">
  <properties>
    <property name="java.specification.version" value="17"/>
    <property name="sun.cpu.isalist" value="amd64"/>
    <property name="sun.jnu.encoding" value="Cp1252"/>
    <property name="java.class.path" value="C:\Users\vishalverma03\eclipse-workspace\springMVCCalculator\target\test-classes;C:\Users\vishalverma03\eclipse-workspace\springMVCCalculator\target\classes;C:\Users\vishalverma03\.m2\repository\junit\junit\4.13.2\junit-4.13.2.jar;C:\Users\vishalverma03\.m2\repository\org\hamcrest\hamcrest-core\1.3\hamcrest-core-1.3.jar;C:\Users\vishalverma03\.m2\repository\org\springframework\spring-webmvc\5.3.32\spring-webmvc-5.3.32.jar;C:\Users\vishalverma03\.m2\repository\org\springframework\spring-aop\5.3.32\spring-aop-5.3.32.jar;C:\Users\vishalverma03\.m2\repository\org\springframework\spring-beans\5.3.32\spring-beans-5.3.32.jar;C:\Users\vishalverma03\.m2\repository\org\springframework\spring-context\5.3.32\spring-context-5.3.32.jar;C:\Users\vishalverma03\.m2\repository\org\springframework\spring-core\5.3.32\spring-core-5.3.32.jar;C:\Users\vishalverma03\.m2\repository\org\springframework\spring-jcl\5.3.32\spring-jcl-5.3.32.jar;C:\Users\vishalverma03\.m2\repository\org\springframework\spring-expression\5.3.32\spring-expression-5.3.32.jar;C:\Users\vishalverma03\.m2\repository\org\springframework\spring-web\5.3.32\spring-web-5.3.32.jar;"/>
    <property name="java.vm.vendor" value="OpenLogic"/>
    <property name="sun.arch.data.model" value="64"/>
    <property name="user.variant" value=""/>
    <property name="java.vendor.url" value="https://openlogic.com/"/>
    <property name="user.timezone" value="Asia/Calcutta"/>
    <property name="os.name" value="Windows 11"/>
    <property name="java.vm.specification.version" value="17"/>
    <property name="sun.java.launcher" value="SUN_STANDARD"/>
    <property name="user.country" value="IN"/>
    <property name="sun.boot.library.path" value="C:\Program Files\OpenLogic\jdk-17.0.13.11-hotspot\bin"/>
    <property name="sun.java.command" value="C:\Users\vishalverma03\AppData\Local\Temp\surefire9408347633434466230\surefirebooter-20250302165510453_3.jar C:\Users\vishalverma03\AppData\Local\Temp\surefire9408347633434466230 2025-03-02T16-55-10_279-jvmRun1 surefire-20250302165510453_1tmp surefire_0-20250302165510453_2tmp"/>
    <property name="jdk.debug" value="release"/>
    <property name="surefire.test.class.path" value="C:\Users\vishalverma03\eclipse-workspace\springMVCCalculator\target\test-classes;C:\Users\vishalverma03\eclipse-workspace\springMVCCalculator\target\classes;C:\Users\vishalverma03\.m2\repository\junit\junit\4.13.2\junit-4.13.2.jar;C:\Users\vishalverma03\.m2\repository\org\hamcrest\hamcrest-core\1.3\hamcrest-core-1.3.jar;C:\Users\vishalverma03\.m2\repository\org\springframework\spring-webmvc\5.3.32\spring-webmvc-5.3.32.jar;C:\Users\vishalverma03\.m2\repository\org\springframework\spring-aop\5.3.32\spring-aop-5.3.32.jar;C:\Users\vishalverma03\.m2\repository\org\springframework\spring-beans\5.3.32\spring-beans-5.3.32.jar;C:\Users\vishalverma03\.m2\repository\org\springframework\spring-context\5.3.32\spring-context-5.3.32.jar;C:\Users\vishalverma03\.m2\repository\org\springframework\spring-core\5.3.32\spring-core-5.3.32.jar;C:\Users\vishalverma03\.m2\repository\org\springframework\spring-jcl\5.3.32\spring-jcl-5.3.32.jar;C:\Users\vishalverma03\.m2\repository\org\springframework\spring-expression\5.3.32\spring-expression-5.3.32.jar;C:\Users\vishalverma03\.m2\repository\org\springframework\spring-web\5.3.32\spring-web-5.3.32.jar;"/>
    <property name="sun.cpu.endian" value="little"/>
    <property name="user.home" value="C:\Users\vishalverma03"/>
    <property name="user.language" value="en"/>
    <property name="java.specification.vendor" value="Oracle Corporation"/>
    <property name="java.version.date" value="2024-10-15"/>
    <property name="java.home" value="C:\Program Files\OpenLogic\jdk-17.0.13.11-hotspot"/>
    <property name="file.separator" value="\"/>
    <property name="basedir" value="C:\Users\vishalverma03\eclipse-workspace\springMVCCalculator"/>
    <property name="java.vm.compressedOopsMode" value="Zero based"/>
    <property name="line.separator" value="&#10;"/>
    <property name="java.vm.specification.vendor" value="Oracle Corporation"/>
    <property name="java.specification.name" value="Java Platform API Specification"/>
    <property name="surefire.real.class.path" value="C:\Users\vishalverma03\AppData\Local\Temp\surefire9408347633434466230\surefirebooter-20250302165510453_3.jar"/>
    <property name="user.script" value=""/>
    <property name="sun.management.compiler" value="HotSpot 64-Bit Tiered Compilers"/>
    <property name="java.runtime.version" value="17.0.13+11-adhoc..jdk17u"/>
    <property name="user.name" value="vishalverma03"/>
    <property name="path.separator" value=";"/>
    <property name="os.version" value="10.0"/>
    <property name="java.runtime.name" value="OpenJDK Runtime Environment"/>
    <property name="file.encoding" value="Cp1252"/>
    <property name="java.vm.name" value="OpenJDK 64-Bit Server VM"/>
    <property name="java.vendor.version" value="OpenLogic-OpenJDK"/>
    <property name="localRepository" value="C:\Users\vishalverma03\.m2\repository"/>
    <property name="java.vendor.url.bug" value="https://techsupport.roguewave.com/"/>
    <property name="java.io.tmpdir" value="C:\Users\VISHAL~1\AppData\Local\Temp\"/>
    <property name="java.version" value="17.0.13"/>
    <property name="user.dir" value="C:\Users\vishalverma03\eclipse-workspace\springMVCCalculator"/>
    <property name="os.arch" value="amd64"/>
    <property name="java.vm.specification.name" value="Java Virtual Machine Specification"/>
    <property name="sun.os.patch.level" value=""/>
    <property name="native.encoding" value="Cp1252"/>
    <property name="java.library.path" value="C:\Program Files\OpenLogic\jdk-17.0.13.11-hotspot\bin;C:\Windows\Sun\Java\bin;C:\Windows\system32;C:\Windows;C:\Program Files\OpenLogic\jdk-17.0.13.11-hotspot\bin;C:\Windows\system32;C:\Windows;C:\Windows\System32\Wbem;C:\Windows\System32\WindowsPowerShell\v1.0\;C:\Windows\System32\OpenSSH\;C:\Program Files\dotnet\;C:\Program Files\TortoiseSVN\bin;C:\Program Files\Microsoft VS Code\bin;C:\Program Files\Git\cmd;C:\Terraform;C:\apache-maven-3.9.9\bin;C:\Users\vishalverma03\artifactory-oss-7.98.14\app\bin;C:\Users\vishalverma03\artifactory-oss-7.98.14\app\artifactory\tomcat\bin;C:\Users\vishalverma03\sonarqube-25.1.0.102122\bin\windows-x86-64;C:\Program Files\Microsoft SQL Server\150\Tools\Binn\;C:\Program Files\Microsoft SQL Server\Client SDK\ODBC\170\Tools\Binn\;C:\Users\vishalverma03\AppData\Local\Microsoft\WindowsApps;C:\Users\vishalverma03\.dotnet\tools;."/>
    <property name="java.vm.info" value="mixed mode, sharing"/>
    <property name="java.vendor" value="OpenLogic"/>
    <property name="java.vm.version" value="17.0.13+11-adhoc..jdk17u"/>
    <property name="java.specification.maintenance.version" value="1"/>
    <property name="sun.io.unicode.encoding" value="UnicodeLittle"/>
    <property name="java.class.version" value="61.0"/>
  </properties>
  <testcase name="testMultiplication" classname="springmvc.test.CalculatorTest" time="0.002"/>
  <testcase name="testAddition" classname="springmvc.test.CalculatorTest" time="0.0"/>
  <testcase name="testDivisionByZero" classname="springmvc.test.CalculatorTest" time="0.0"/>
  <testcase name="testDivision" classname="springmvc.test.CalculatorTest" time="0.0"/>
  <testcase name="testSubtraction" classname="springmvc.test.CalculatorTest" time="0.0"/>
</testsuite>